<?xml version='1.0' encoding='UTF-8'?>
<testsuite hostname="nagas-MacBook-Pro.local" name="runner.TestRunner" tests="1" errors="0" failures="0" skipped="0" time="5.749" timestamp="2024-11-21T09:32:44">
          <properties>
      <property name="awt.toolkit" value="sun.lwawt.macosx.LWCToolkit"/><property name="java.specification.version" value="11"/><property name="sun.cpu.isalist" value=""/><property name="sun.jnu.encoding" value="UTF-8"/><property name="sun.arch.data.model" value="64"/><property name="java.vendor.url" value="https://adoptium.net/"/><property name="sun.boot.library.path" value="/Users/gadhiraju/.sdkman/candidates/java/11.0.17-tem/lib"/><property name="sun.java.command" value="/usr/local/Cellar/sbt/1.5.5/libexec/bin/sbt-launch.jar testOnly runner.TestRunner"/><property name="jdk.debug" value="release"/><property name="java.specification.vendor" value="Oracle Corporation"/><property name="java.version.date" value="2022-10-18"/><property name="java.home" value="/Users/gadhiraju/.sdkman/candidates/java/11.0.17-tem"/><property name="file.separator" value="/"/><property name="java.vm.compressedOopsMode" value="Zero based"/><property name="line.separator" value="
"/><property name="java.specification.name" value="Java Platform API Specification"/><property name="java.vm.specification.vendor" value="Oracle Corporation"/><property name="sun.management.compiler" value="HotSpot 64-Bit Tiered Compilers"/><property name="java.runtime.version" value="11.0.17+8"/><property name="user.name" value="gadhiraju"/><property name="log4j.ignoreTCL" value="true"/><property name="file.encoding" value="UTF-8"/><property name="jnidispatch.path" value="/Users/gadhiraju/Library/Caches/JNA/temp/jna13614799621760972106.tmp"/><property name="java.vendor.version" value="Temurin-11.0.17+8"/><property name="jna.loaded" value="true"/><property name="java.io.tmpdir" value="/var/folders/v1/jklry_f52zjg7wrzk4q51l0c0000gn/T/"/><property name="java.version" value="11.0.17"/><property name="java.vm.specification.name" value="Java Virtual Machine Specification"/><property name="java.awt.printerjob" value="sun.lwawt.macosx.CPrinterJob"/><property name="sun.os.patch.level" value="unknown"/><property name="java.library.path" value="/Users/gadhiraju/Library/Java/Extensions:/Library/Java/Extensions:/Network/Library/Java/Extensions:/System/Library/Java/Extensions:/usr/lib/java:."/><property name="java.vendor" value="Eclipse Adoptium"/><property name="scala.ext.dirs" value="/Users/gadhiraju/.sbt/1.0/java9-rt-ext-eclipse_adoptium_11_0_17"/><property name="sun.io.unicode.encoding" value="UnicodeBig"/><property name="socksNonProxyHosts" value="local|*.local|169.254/16|*.169.254/16"/><property name="gopherProxySet" value="false"/><property name="java.class.path" value="/usr/local/Cellar/sbt/1.5.5/libexec/bin/sbt-launch.jar"/><property name="java.vm.vendor" value="Eclipse Adoptium"/><property name="jline.shutdownhook" value="false"/><property name="user.timezone" value="Europe/London"/><property name="os.name" value="Mac OS X"/><property name="java.vm.specification.version" value="11"/><property name="sun.java.launcher" value="SUN_STANDARD"/><property name="user.country" value="GB"/><property name="http.nonProxyHosts" value="local|*.local|169.254/16|*.169.254/16"/><property name="sun.cpu.endian" value="little"/><property name="user.home" value="/Users/gadhiraju"/><property name="user.language" value="en"/><property name="sbt.ipcsocket.tmpdir" value="/var/folders/v1/jklry_f52zjg7wrzk4q51l0c0000gn/T/.sbt9f7c77dc/ipcsocket"/><property name="swoval.tmpdir" value="/var/folders/v1/jklry_f52zjg7wrzk4q51l0c0000gn/T/.sbt9f7c77dc/swoval"/><property name="java.awt.graphicsenv" value="sun.awt.CGraphicsEnvironment"/><property name="jline.esc.timeout" value="0"/><property name="ftp.nonProxyHosts" value="local|*.local|169.254/16|*.169.254/16"/><property name="path.separator" value=":"/><property name="os.version" value="11.5.2"/><property name="jna.nosys" value="true"/><property name="java.runtime.name" value="OpenJDK Runtime Environment"/><property name="browser" value="chrome"/><property name="java.vm.name" value="OpenJDK 64-Bit Server VM"/><property name="jna.platform.library.path" value="/usr/lib:/usr/lib"/><property name="java.vendor.url.bug" value="https://github.com/adoptium/adoptium-support/issues"/><property name="user.dir" value="/Users/gadhiraju/Downloads/saucedemo-test"/><property name="os.arch" value="x86_64"/><property name="java.vm.info" value="mixed mode"/><property name="java.vm.version" value="11.0.17+8"/><property name="java.class.version" value="55.0"/>
    </properties>
          <testcase classname="runner.TestRunner" name="EMPTY_NAME.Login and add highest price item to the cart without using sort functionality" time="5.749">
                      
                    </testcase>
          <system-out><![CDATA[]]></system-out>
          <system-err><![CDATA[]]></system-err>
        </testsuite>